#
# There is insufficient memory for the Java Runtime Environment to continue.
# Native memory allocation (mmap) failed to map 65011712 bytes. Error detail: G1 virtual space
# Possible reasons:
#   The system is out of physical RAM or swap space
#   This process is running with CompressedOops enabled, and the Java Heap may be blocking the growth of the native heap
# Possible solutions:
#   Reduce memory load on the system
#   Increase physical memory or swap space
#   Check if swap backing store is full
#   Decrease Java heap size (-Xmx/-Xms)
#   Decrease number of Java threads
#   Decrease Java thread stack sizes (-Xss)
#   Set larger code cache with -XX:ReservedCodeCacheSize=
#   JVM is running with Unscaled Compressed Oops mode in which the Java heap is
#     placed in the first 4GB address space. The Java Heap base address is the
#     maximum limit for the native heap growth. Please use -XX:HeapBaseMinAddress
#     to set the Java Heap base and to place the Java Heap above 4GB virtual address.
# This output file may be truncated or incomplete.
#
#  Out of Memory Error (os_windows.cpp:3690), pid=6260, tid=15096
#
# JRE version:  (17.0.18+8) (build )
# Java VM: OpenJDK 64-Bit Server VM (17.0.18+8-LTS, mixed mode, sharing, tiered, compressed oops, compressed class ptrs, g1 gc, windows-amd64)
# No core dump will be written. Minidumps are not enabled by default on client versions of Windows
#

---------------  S U M M A R Y ------------

Command Line: -Dnet.bytebuddy.agent.attacher.dump= net.bytebuddy.agent.Attacher com.sun.tools.attach.VirtualMachine 17244 C:\Users\lenovo\.m2\repository\net\bytebuddy\byte-buddy-agent\1.14.9\byte-buddy-agent-1.14.9.jar false 

Host: Intel(R) Core(TM) i7-10510U CPU @ 1.80GHz, 8 cores, 3G,  Windows 10 , 64 bit Build 19041 (10.0.19041.5915)
Time: Tue Mar 10 05:41:22 2026 Egypt Standard Time elapsed time: 0.010923 seconds (0d 0h 0m 0s)

---------------  T H R E A D  ---------------

Current thread (0x000002484aa1b4a0):  JavaThread "Unknown thread" [_thread_in_vm, id=15096, stack(0x000000f885600000,0x000000f885700000)]

Stack: [0x000000f885600000,0x000000f885700000]
Native frames: (J=compiled Java code, j=interpreted, Vv=VM code, C=native code)
V  [jvm.dll+0x68c879]  (no source info available)
V  [jvm.dll+0x845979]  (no source info available)
V  [jvm.dll+0x8476e8]  (no source info available)
V  [jvm.dll+0x847d73]  (no source info available)
V  [jvm.dll+0x24cf6f]  (no source info available)
V  [jvm.dll+0x68bc79]  (no source info available)
V  [jvm.dll+0x68023a]  (no source info available)
V  [jvm.dll+0x3101a0]  (no source info available)
V  [jvm.dll+0x310042]  (no source info available)
V  [jvm.dll+0x317599]  (no source info available)
V  [jvm.dll+0x369999]  (no source info available)
V  [jvm.dll+0x369bcd]  (no source info available)
V  [jvm.dll+0x2e69aa]  (no source info available)
V  [jvm.dll+0x2e78b8]  (no source info available)
V  [jvm.dll+0x81871e]  (no source info available)
V  [jvm.dll+0x377601]  (no source info available)
V  [jvm.dll+0x7f6d65]  (no source info available)
V  [jvm.dll+0x3fd47b]  (no source info available)
V  [jvm.dll+0x3ff0b1]  (no source info available)
C  [jli.dll+0x52f0]  (no source info available)
C  [ucrtbase.dll+0x21bb2]  (no source info available)
C  [KERNEL32.DLL+0x17374]  (no source info available)
C  [ntdll.dll+0x4cc91]  (no source info available)


---------------  P R O C E S S  ---------------

Threads class SMR info:
_java_thread_list=0x00007ffca3f86058, length=0, elements={
}

Java Threads: ( => current thread )

Other Threads:
  0x000002484aa56bf0 GCTaskThread "GC Thread#0" [stack: 0x000000f885700000,0x000000f885800000] [id=11596]
  0x000002484aa5f570 ConcurrentGCThread "G1 Main Marker" [stack: 0x000000f885800000,0x000000f885900000] [id=15824]
  0x000002484aa60eb0 ConcurrentGCThread "G1 Conc#0" [stack: 0x000000f885900000,0x000000f885a00000] [id=6456]

[error occurred during error reporting (printing all threads), id 0xc0000005, EXCEPTION_ACCESS_VIOLATION (0xc0000005) at pc=0x00007ffca37374e7]

VM state: not at safepoint (not fully initialized)

VM Mutex/Monitor currently owned by a thread:  ([mutex/lock_event])
[0x000002484aa16be0] Heap_lock - owner thread: 0x000002484aa1b4a0

Heap address: 0x00000000c2800000, size: 984 MB, Compressed Oops mode: 32-bit

CDS archive(s) mapped at: [0x0000000000000000-0x0000000000000000-0x0000000000000000), size 0, SharedBaseAddress: 0x0000000800000000, ArchiveRelocationMode: 1.
Narrow klass base: 0x0000000000000000, Narrow klass shift: 0, Narrow klass range: 0x0

GC Precious Log:
<Empty>

Heap:
 garbage-first heap   total 0K, used 0K [0x00000000c2800000, 0x0000000100000000)
  region size 1024K, 0 young (0K), 0 survivors (0K)

[error occurred during error reporting (printing heap information), id 0xc0000005, EXCEPTION_ACCESS_VIOLATION (0xc0000005) at pc=0x00007ffca3b28929]

GC Heap History (0 events):
No events

Dll operation events (1 events):
Event: 0.005 Loaded shared library C:\Users\lenovo\.jdks\ms-17.0.18\bin\java.dll

Deoptimization events (0 events):
No events

Classes loaded (0 events):
No events

Classes unloaded (0 events):
No events

Classes redefined (0 events):
No events

Internal exceptions (0 events):
No events

VM Operations (0 events):
No events

Memory protections (0 events):
No events

Nmethod flushes (0 events):
No events

Events (0 events):
No events


Dynamic libraries:
0x00007ff650fc0000 - 0x00007ff650fce000 	C:\Users\lenovo\.jdks\ms-17.0.18\bin\java.exe
0x00007ffd26110000 - 0x00007ffd26308000 	C:\Windows\SYSTEM32\ntdll.dll
0x00007ffd251f0000 - 0x00007ffd252b2000 	C:\Windows\System32\KERNEL32.DLL
0x00007ffd23980000 - 0x00007ffd23c76000 	C:\Windows\System32\KERNELBASE.dll
0x00007ffd23e50000 - 0x00007ffd23f50000 	C:\Windows\System32\ucrtbase.dll
0x00007ffd00450000 - 0x00007ffd00468000 	C:\Users\lenovo\.jdks\ms-17.0.18\bin\jli.dll
0x00007ffd002a0000 - 0x00007ffd002be000 	C:\Users\lenovo\.jdks\ms-17.0.18\bin\VCRUNTIME140.dll
0x00007ffd24a40000 - 0x00007ffd24be1000 	C:\Windows\System32\USER32.dll
0x00007ffd23e20000 - 0x00007ffd23e42000 	C:\Windows\System32\win32u.dll
0x00007ffd251c0000 - 0x00007ffd251eb000 	C:\Windows\System32\GDI32.dll
0x00007ffd10e80000 - 0x00007ffd1111b000 	C:\Windows\WinSxS\amd64_microsoft.windows.common-controls_6595b64144ccf1df_6.0.19041.6456_none_60b8a6cb71f64256\COMCTL32.dll
0x00007ffd25d10000 - 0x00007ffd25dae000 	C:\Windows\System32\msvcrt.dll
0x00007ffd23d00000 - 0x00007ffd23e19000 	C:\Windows\System32\gdi32full.dll
0x00007ffd23830000 - 0x00007ffd238cd000 	C:\Windows\System32\msvcp_win.dll
0x00007ffd25070000 - 0x00007ffd2509f000 	C:\Windows\System32\IMM32.DLL
0x00007ffd00aa0000 - 0x00007ffd00aac000 	C:\Users\lenovo\.jdks\ms-17.0.18\bin\vcruntime140_1.dll
0x00007ffceca40000 - 0x00007ffcecac9000 	C:\Users\lenovo\.jdks\ms-17.0.18\bin\msvcp140.dll
0x00007ffca3440000 - 0x00007ffca40ba000 	C:\Users\lenovo\.jdks\ms-17.0.18\bin\server\jvm.dll
0x00007ffd250a0000 - 0x00007ffd25151000 	C:\Windows\System32\ADVAPI32.dll
0x00007ffd25e60000 - 0x00007ffd25eff000 	C:\Windows\System32\sechost.dll
0x00007ffd24f50000 - 0x00007ffd25070000 	C:\Windows\System32\RPCRT4.dll
0x00007ffd24100000 - 0x00007ffd24127000 	C:\Windows\System32\bcrypt.dll
0x00007ffd249d0000 - 0x00007ffd24a3b000 	C:\Windows\System32\WS2_32.dll
0x00007ffd22d30000 - 0x00007ffd22d7b000 	C:\Windows\SYSTEM32\POWRPROF.dll
0x00007ffd0f330000 - 0x00007ffd0f33a000 	C:\Windows\SYSTEM32\VERSION.dll
0x00007ffd08320000 - 0x00007ffd08347000 	C:\Windows\SYSTEM32\WINMM.dll
0x00007ffd22ba0000 - 0x00007ffd22bb2000 	C:\Windows\SYSTEM32\UMPDC.dll
0x00007ffd21fb0000 - 0x00007ffd21fc2000 	C:\Windows\SYSTEM32\kernel.appcore.dll
0x00007ffcfe150000 - 0x00007ffcfe15a000 	C:\Users\lenovo\.jdks\ms-17.0.18\bin\jimage.dll
0x00007ffd21380000 - 0x00007ffd21581000 	C:\Windows\SYSTEM32\DBGHELP.DLL
0x00007ffd0de00000 - 0x00007ffd0de34000 	C:\Windows\SYSTEM32\dbgcore.DLL
0x00007ffd237a0000 - 0x00007ffd23822000 	C:\Windows\System32\bcryptPrimitives.dll
0x00007ffcf23f0000 - 0x00007ffcf2416000 	C:\Users\lenovo\.jdks\ms-17.0.18\bin\java.dll

dbghelp: loaded successfully - version: 4.0.5 - missing functions: none
symbol engine: initialized successfully - sym options: 0x614 - pdb path: .;C:\Users\lenovo\.jdks\ms-17.0.18\bin;C:\Windows\SYSTEM32;C:\Windows\WinSxS\amd64_microsoft.windows.common-controls_6595b64144ccf1df_6.0.19041.6456_none_60b8a6cb71f64256;C:\Users\lenovo\.jdks\ms-17.0.18\bin\server

VM Arguments:
jvm_args: -Dnet.bytebuddy.agent.attacher.dump= 
java_command: net.bytebuddy.agent.Attacher com.sun.tools.attach.VirtualMachine 17244 C:\Users\lenovo\.m2\repository\net\bytebuddy\byte-buddy-agent\1.14.9\byte-buddy-agent-1.14.9.jar false 
java_class_path (initial): C:\Users\lenovo\.m2\repository\net\bytebuddy\byte-buddy-agent\1.14.9\byte-buddy-agent-1.14.9.jar
Launcher Type: SUN_STANDARD

[Global flags]
     intx CICompilerCount                          = 4                                         {product} {ergonomic}
     uint ConcGCThreads                            = 2                                         {product} {ergonomic}
     uint G1ConcRefinementThreads                  = 8                                         {product} {ergonomic}
   size_t G1HeapRegionSize                         = 1048576                                   {product} {ergonomic}
    uintx GCDrainStackTargetSize                   = 64                                        {product} {ergonomic}
   size_t InitialHeapSize                          = 65011712                                  {product} {ergonomic}
   size_t MarkStackSize                            = 4194304                                   {product} {ergonomic}
   size_t MaxHeapSize                              = 1031798784                                {product} {ergonomic}
   size_t MinHeapDeltaBytes                        = 1048576                                   {product} {ergonomic}
   size_t MinHeapSize                              = 8388608                                   {product} {ergonomic}
    uintx NonNMethodCodeHeapSize                   = 5839372                                {pd product} {ergonomic}
    uintx NonProfiledCodeHeapSize                  = 122909434                              {pd product} {ergonomic}
    uintx ProfiledCodeHeapSize                     = 122909434                              {pd product} {ergonomic}
    uintx ReservedCodeCacheSize                    = 251658240                              {pd product} {ergonomic}
     bool SegmentedCodeCache                       = true                                      {product} {ergonomic}
   size_t SoftMaxHeapSize                          = 1031798784                             {manageable} {ergonomic}
     bool UseCompressedClassPointers               = true                           {product lp64_product} {ergonomic}
     bool UseCompressedOops                        = true                           {product lp64_product} {ergonomic}
     bool UseG1GC                                  = true                                      {product} {ergonomic}
     bool UseLargePagesIndividualAllocation        = false                                  {pd product} {ergonomic}

Logging:
Log output configuration:
 #0: stdout all=warning uptime,level,tags
 #1: stderr all=off uptime,level,tags

Environment Variables:
JAVA_HOME=C:\Program Files\Java\jdk-11
PATH=C:\Program Files\Java\jdk-11\bin;C:\Program Files\mvn\apache-maven-3.9.13\bin;C:\Users\lenovo\AppData\Local\Programs\Eclipse Adoptium\jdk-11.0.30.7-hotspot\bin;C:\Users\lenovo\AppData\Local\Microsoft\WindowsApps;C:\Users\lenovo\AppData\Roaming\npm;C:\Users\lenovo\AppData\Local\Programs\Microsoft VS Code\bin
USERNAME=lenovo
OS=Windows_NT
PROCESSOR_IDENTIFIER=Intel64 Family 6 Model 142 Stepping 12, GenuineIntel
TMP=C:\Users\lenovo\AppData\Local\Temp
TEMP=C:\Users\lenovo\AppData\Local\Temp



Periodic native trim disabled


---------------  S Y S T E M  ---------------

OS:
 Windows 10 , 64 bit Build 19041 (10.0.19041.5915)
OS uptime: 0 days 12:16 hours

CPU: total 8 (initial active 8) (4 cores per cpu, 2 threads per core) family 6 model 142 stepping 12 microcode 0xc6, cx8, cmov, fxsr, ht, mmx, 3dnowpref, sse, sse2, sse3, ssse3, sse4.1, sse4.2, popcnt, lzcnt, tsc, tscinvbit, avx, avx2, aes, erms, clmul, bmi1, bmi2, adx, fma, vzeroupper, clflush, clflushopt
Processor Information for the first 8 processors :
  Max Mhz: 2304, Current Mhz: 1803, Mhz Limit: 1797

Memory: 4k page, system-wide physical 3929M (108M free)
TotalPageFile size 16217M (AvailPageFile size 31M)
current process WorkingSet (physical memory assigned to process): 10M, peak: 10M
current process commit charge ("private bytes"): 59M, peak: 121M

vm_info: OpenJDK 64-Bit Server VM (17.0.18+8-LTS) for windows-amd64 JRE (17.0.18+8-LTS), built on Jan 15 2026 18:50:45 by "MicrosoftCorporation" with MS VC++ 17.14 (VS2022)

END.
